2022-06-12 10:31:54 [main] DEBUG org.hibernate.SQL -
				drop table if exists user
2022-06-12 10:31:54 [main] DEBUG org.hibernate.SQL -
				create table user (email varchar(255) not null, confirm_password varchar(255), password varchar(255), primary key (email)) engine=InnoDB
2022-06-12 10:31:56 [main] WARN  o.s.b.a.o.j.JpaBaseConfiguration$JpaWebConfiguration -
				spring.jpa.open-in-view is enabled by default. Therefore, database queries may be performed during view rendering. Explicitly configure spring.jpa.open-in-view to disable this warning
2022-06-12 10:34:02 [http-nio-8100-exec-4] DEBUG org.hibernate.SQL -
				select user0_.email as email1_0_, user0_.confirm_password as confirm_2_0_, user0_.password as password3_0_ from user user0_ where user0_.email=? and user0_.password=?
2022-06-12 10:34:38 [http-nio-8100-exec-5] DEBUG org.hibernate.SQL -
				select user0_.email as email1_0_, user0_.confirm_password as confirm_2_0_, user0_.password as password3_0_ from user user0_ where user0_.email=? and user0_.password=?
2022-06-12 10:34:38 [http-nio-8100-exec-5] DEBUG org.hibernate.SQL -
				select user0_.email as email1_0_0_, user0_.confirm_password as confirm_2_0_0_, user0_.password as password3_0_0_ from user user0_ where user0_.email=?
2022-06-12 10:34:38 [http-nio-8100-exec-5] DEBUG org.hibernate.SQL -
				select user0_.email as email1_0_0_, user0_.confirm_password as confirm_2_0_0_, user0_.password as password3_0_0_ from user user0_ where user0_.email=?
2022-06-12 10:34:38 [http-nio-8100-exec-5] DEBUG org.hibernate.SQL -
				insert into user (confirm_password, password, email) values (?, ?, ?)
2022-06-12 10:34:53 [http-nio-8100-exec-7] WARN  o.s.w.s.m.s.DefaultHandlerExceptionResolver -
				Resolved [org.springframework.http.converter.HttpMessageNotReadableException: JSON parse error: Unexpected character ('}' (code 125)): was expecting double-quote to start field name; nested exception is com.fasterxml.jackson.core.JsonParseException: Unexpected character ('}' (code 125)): was expecting double-quote to start field name
 at [Source: (PushbackInputStream); line: 4, column: 2]]
2022-06-12 10:35:00 [http-nio-8100-exec-9] DEBUG org.hibernate.SQL -
				select user0_.email as email1_0_, user0_.confirm_password as confirm_2_0_, user0_.password as password3_0_ from user user0_ where user0_.email=? and user0_.password=?
2022-06-12 10:35:29 [http-nio-8100-exec-1] DEBUG org.hibernate.SQL -
				select user0_.email as email1_0_, user0_.confirm_password as confirm_2_0_, user0_.password as password3_0_ from user user0_ where user0_.email=? and user0_.password=?
2022-06-12 10:35:34 [http-nio-8100-exec-2] DEBUG org.hibernate.SQL -
				select user0_.email as email1_0_, user0_.confirm_password as confirm_2_0_, user0_.password as password3_0_ from user user0_ where user0_.email=? and user0_.password=?
2022-06-12 10:57:47 [HikariPool-1 housekeeper] WARN  com.zaxxer.hikari.pool.HikariPool -
				HikariPool-1 - Thread starvation or clock leap detected (housekeeper delta=15m53s557ms).
2022-06-12 11:06:03 [HikariPool-1 housekeeper] WARN  com.zaxxer.hikari.pool.HikariPool -
				HikariPool-1 - Thread starvation or clock leap detected (housekeeper delta=8m16s138ms).
2022-06-12 11:14:01 [http-nio-8100-exec-6] DEBUG org.hibernate.SQL -
				select user0_.email as email1_0_, user0_.confirm_password as confirm_2_0_, user0_.password as password3_0_ from user user0_ where user0_.email=? and user0_.password=?
2022-06-12 11:16:20 [http-nio-8100-exec-7] DEBUG org.hibernate.SQL -
				select user0_.email as email1_0_, user0_.confirm_password as confirm_2_0_, user0_.password as password3_0_ from user user0_ where user0_.email=? and user0_.password=?
2022-06-12 11:17:09 [http-nio-8100-exec-8] DEBUG org.hibernate.SQL -
				select user0_.email as email1_0_, user0_.confirm_password as confirm_2_0_, user0_.password as password3_0_ from user user0_ where user0_.email=? and user0_.password=?
2022-06-12 11:17:29 [http-nio-8100-exec-9] DEBUG org.hibernate.SQL -
				select user0_.email as email1_0_, user0_.confirm_password as confirm_2_0_, user0_.password as password3_0_ from user user0_ where user0_.email=? and user0_.password=?
2022-06-12 11:17:58 [http-nio-8100-exec-10] DEBUG org.hibernate.SQL -
				select user0_.email as email1_0_, user0_.confirm_password as confirm_2_0_, user0_.password as password3_0_ from user user0_ where user0_.email=? and user0_.password=?
2022-06-12 11:23:46 [http-nio-8100-exec-2] DEBUG org.hibernate.SQL -
				select user0_.email as email1_0_, user0_.confirm_password as confirm_2_0_, user0_.password as password3_0_ from user user0_ where user0_.email=? and user0_.password=?
2022-06-12 11:23:56 [HikariPool-1 housekeeper] WARN  com.zaxxer.hikari.pool.HikariPool -
				HikariPool-1 - Thread starvation or clock leap detected (housekeeper delta=52s198ms).
2022-06-12 11:26:38 [http-nio-8100-exec-6] DEBUG org.hibernate.SQL -
				select user0_.email as email1_0_, user0_.confirm_password as confirm_2_0_, user0_.password as password3_0_ from user user0_ where user0_.email=? and user0_.password=?
2022-06-12 11:30:46 [http-nio-8100-exec-7] DEBUG org.hibernate.SQL -
				select user0_.email as email1_0_, user0_.confirm_password as confirm_2_0_, user0_.password as password3_0_ from user user0_ where user0_.email=? and user0_.password=?
2022-06-12 11:30:56 [http-nio-8100-exec-8] DEBUG org.hibernate.SQL -
				select user0_.email as email1_0_, user0_.confirm_password as confirm_2_0_, user0_.password as password3_0_ from user user0_ where user0_.email=? and user0_.password=?
2022-06-12 11:35:36 [http-nio-8100-exec-1] DEBUG org.hibernate.SQL -
				select user0_.email as email1_0_, user0_.confirm_password as confirm_2_0_, user0_.password as password3_0_ from user user0_ where user0_.email=? and user0_.password=?
2022-06-12 11:52:49 [http-nio-8100-exec-6] DEBUG org.hibernate.SQL -
				select user0_.email as email1_0_, user0_.confirm_password as confirm_2_0_, user0_.password as password3_0_ from user user0_ where user0_.email=? and user0_.password=?
2022-06-12 12:03:23 [http-nio-8100-exec-8] DEBUG org.hibernate.SQL -
				select user0_.email as email1_0_, user0_.confirm_password as confirm_2_0_, user0_.password as password3_0_ from user user0_ where user0_.email=? and user0_.password=?
