2022-06-12 12:26:38 [main] DEBUG org.hibernate.SQL -
				drop table if exists user
2022-06-12 12:26:38 [main] DEBUG org.hibernate.SQL -
				create table user (email varchar(255) not null, confirm_password varchar(255), password varchar(255), primary key (email)) engine=InnoDB
2022-06-12 12:26:40 [main] WARN  o.s.b.a.o.j.JpaBaseConfiguration$JpaWebConfiguration -
				spring.jpa.open-in-view is enabled by default. Therefore, database queries may be performed during view rendering. Explicitly configure spring.jpa.open-in-view to disable this warning
2022-06-12 12:27:05 [http-nio-8100-exec-2] DEBUG org.hibernate.SQL -
				select user0_.email as email1_0_, user0_.confirm_password as confirm_2_0_, user0_.password as password3_0_ from user user0_ where user0_.email=? and user0_.password=?
2022-06-12 12:27:05 [http-nio-8100-exec-2] DEBUG org.hibernate.SQL -
				select user0_.email as email1_0_0_, user0_.confirm_password as confirm_2_0_0_, user0_.password as password3_0_0_ from user user0_ where user0_.email=?
2022-06-12 12:27:05 [http-nio-8100-exec-2] DEBUG org.hibernate.SQL -
				select user0_.email as email1_0_0_, user0_.confirm_password as confirm_2_0_0_, user0_.password as password3_0_0_ from user user0_ where user0_.email=?
2022-06-12 12:27:05 [http-nio-8100-exec-2] DEBUG org.hibernate.SQL -
				insert into user (confirm_password, password, email) values (?, ?, ?)
2022-06-12 12:27:20 [http-nio-8100-exec-3] DEBUG org.hibernate.SQL -
				select user0_.email as email1_0_, user0_.confirm_password as confirm_2_0_, user0_.password as password3_0_ from user user0_ where user0_.email=? and user0_.password=?
2022-06-12 12:31:06 [http-nio-8100-exec-10] DEBUG org.hibernate.SQL -
				select user0_.email as email1_0_, user0_.confirm_password as confirm_2_0_, user0_.password as password3_0_ from user user0_ where user0_.email=? and user0_.password=?
2022-06-12 12:44:46 [http-nio-8100-exec-4] DEBUG org.hibernate.SQL -
				select user0_.email as email1_0_, user0_.confirm_password as confirm_2_0_, user0_.password as password3_0_ from user user0_ where user0_.email=? and user0_.password=?
2022-06-12 12:52:38 [http-nio-8100-exec-6] DEBUG org.hibernate.SQL -
				select user0_.email as email1_0_, user0_.confirm_password as confirm_2_0_, user0_.password as password3_0_ from user user0_ where user0_.email=? and user0_.password=?
2022-06-12 12:52:46 [http-nio-8100-exec-7] DEBUG org.hibernate.SQL -
				select user0_.email as email1_0_, user0_.confirm_password as confirm_2_0_, user0_.password as password3_0_ from user user0_ where user0_.email=? and user0_.password=?
2022-06-12 12:53:16 [http-nio-8100-exec-8] DEBUG org.hibernate.SQL -
				select user0_.email as email1_0_, user0_.confirm_password as confirm_2_0_, user0_.password as password3_0_ from user user0_ where user0_.email=? and user0_.password=?
2022-06-12 12:53:21 [http-nio-8100-exec-9] DEBUG org.hibernate.SQL -
				select user0_.email as email1_0_, user0_.confirm_password as confirm_2_0_, user0_.password as password3_0_ from user user0_ where user0_.email=? and user0_.password=?
2022-06-12 13:03:22 [http-nio-8100-exec-1] DEBUG org.hibernate.SQL -
				select user0_.email as email1_0_, user0_.confirm_password as confirm_2_0_, user0_.password as password3_0_ from user user0_ where user0_.email=? and user0_.password=?
2022-06-12 13:04:34 [http-nio-8100-exec-3] DEBUG org.hibernate.SQL -
				select user0_.email as email1_0_, user0_.confirm_password as confirm_2_0_, user0_.password as password3_0_ from user user0_ where user0_.email=? and user0_.password=?
2022-06-12 13:07:23 [http-nio-8100-exec-5] DEBUG org.hibernate.SQL -
				select user0_.email as email1_0_, user0_.confirm_password as confirm_2_0_, user0_.password as password3_0_ from user user0_ where user0_.email=? and user0_.password=?
2022-06-12 13:09:30 [http-nio-8100-exec-7] DEBUG org.hibernate.SQL -
				select user0_.email as email1_0_, user0_.confirm_password as confirm_2_0_, user0_.password as password3_0_ from user user0_ where user0_.email=? and user0_.password=?
2022-06-12 13:19:02 [http-nio-8100-exec-10] DEBUG org.hibernate.SQL -
				select user0_.email as email1_0_, user0_.confirm_password as confirm_2_0_, user0_.password as password3_0_ from user user0_ where user0_.email=? and user0_.password=?
2022-06-12 13:23:49 [http-nio-8100-exec-2] DEBUG org.hibernate.SQL -
				select user0_.email as email1_0_, user0_.confirm_password as confirm_2_0_, user0_.password as password3_0_ from user user0_ where user0_.email=? and user0_.password=?
2022-06-12 13:24:24 [http-nio-8100-exec-3] DEBUG org.hibernate.SQL -
				select user0_.email as email1_0_, user0_.confirm_password as confirm_2_0_, user0_.password as password3_0_ from user user0_ where user0_.email=? and user0_.password=?
2022-06-12 13:41:17 [http-nio-8100-exec-5] DEBUG org.hibernate.SQL -
				select user0_.email as email1_0_, user0_.confirm_password as confirm_2_0_, user0_.password as password3_0_ from user user0_ where user0_.email=? and user0_.password=?
2022-06-12 13:53:23 [HikariPool-1 housekeeper] WARN  com.zaxxer.hikari.pool.HikariPool -
				HikariPool-1 - Thread starvation or clock leap detected (housekeeper delta=1m44s698ms).
2022-06-12 13:59:32 [http-nio-8100-exec-8] DEBUG org.hibernate.SQL -
				select user0_.email as email1_0_, user0_.confirm_password as confirm_2_0_, user0_.password as password3_0_ from user user0_ where user0_.email=? and user0_.password=?
2022-06-12 14:01:50 [http-nio-8100-exec-10] DEBUG org.hibernate.SQL -
				select user0_.email as email1_0_, user0_.confirm_password as confirm_2_0_, user0_.password as password3_0_ from user user0_ where user0_.email=? and user0_.password=?
2022-06-12 14:02:33 [http-nio-8100-exec-1] DEBUG org.hibernate.SQL -
				select user0_.email as email1_0_, user0_.confirm_password as confirm_2_0_, user0_.password as password3_0_ from user user0_ where user0_.email=? and user0_.password=?
2022-06-12 14:02:52 [http-nio-8100-exec-2] DEBUG org.hibernate.SQL -
				select user0_.email as email1_0_, user0_.confirm_password as confirm_2_0_, user0_.password as password3_0_ from user user0_ where user0_.email=? and user0_.password=?
2022-06-12 14:03:11 [http-nio-8100-exec-3] DEBUG org.hibernate.SQL -
				select user0_.email as email1_0_, user0_.confirm_password as confirm_2_0_, user0_.password as password3_0_ from user user0_ where user0_.email=? and user0_.password=?
2022-06-12 14:03:51 [http-nio-8100-exec-4] DEBUG org.hibernate.SQL -
				select user0_.email as email1_0_, user0_.confirm_password as confirm_2_0_, user0_.password as password3_0_ from user user0_ where user0_.email=? and user0_.password=?
