2022-06-12 09:30:41 [main] DEBUG org.hibernate.SQL -
				drop table if exists user
2022-06-12 09:30:41 [main] DEBUG org.hibernate.SQL -
				create table user (email varchar(255) not null, confirm_password varchar(255), password varchar(255), primary key (email)) engine=InnoDB
2022-06-12 09:30:42 [main] WARN  o.s.b.a.o.j.JpaBaseConfiguration$JpaWebConfiguration -
				spring.jpa.open-in-view is enabled by default. Therefore, database queries may be performed during view rendering. Explicitly configure spring.jpa.open-in-view to disable this warning
2022-06-12 09:32:05 [http-nio-8100-exec-2] DEBUG org.hibernate.SQL -
				select user0_.email as email1_0_, user0_.confirm_password as confirm_2_0_, user0_.password as password3_0_ from user user0_ where user0_.email=? and user0_.password=?
2022-06-12 09:32:05 [http-nio-8100-exec-2] DEBUG org.hibernate.SQL -
				select user0_.email as email1_0_0_, user0_.confirm_password as confirm_2_0_0_, user0_.password as password3_0_0_ from user user0_ where user0_.email=?
2022-06-12 09:32:05 [http-nio-8100-exec-2] DEBUG org.hibernate.SQL -
				select user0_.email as email1_0_0_, user0_.confirm_password as confirm_2_0_0_, user0_.password as password3_0_0_ from user user0_ where user0_.email=?
2022-06-12 09:32:05 [http-nio-8100-exec-2] DEBUG org.hibernate.SQL -
				insert into user (confirm_password, password, email) values (?, ?, ?)
2022-06-12 09:32:24 [http-nio-8100-exec-3] DEBUG org.hibernate.SQL -
				select user0_.email as email1_0_, user0_.confirm_password as confirm_2_0_, user0_.password as password3_0_ from user user0_ where user0_.email=? and user0_.password=?
2022-06-12 10:24:30 [HikariPool-1 housekeeper] WARN  com.zaxxer.hikari.pool.HikariPool -
				HikariPool-1 - Thread starvation or clock leap detected (housekeeper delta=1m48s738ms).
2022-06-12 10:29:50 [http-nio-8100-exec-10] DEBUG org.hibernate.SQL -
				select user0_.email as email1_0_, user0_.confirm_password as confirm_2_0_, user0_.password as password3_0_ from user user0_ where user0_.email=? and user0_.password=?
2022-06-12 10:29:50 [http-nio-8100-exec-10] DEBUG org.hibernate.SQL -
				select user0_.email as email1_0_0_, user0_.confirm_password as confirm_2_0_0_, user0_.password as password3_0_0_ from user user0_ where user0_.email=?
2022-06-12 10:29:50 [http-nio-8100-exec-10] DEBUG org.hibernate.SQL -
				select user0_.email as email1_0_0_, user0_.confirm_password as confirm_2_0_0_, user0_.password as password3_0_0_ from user user0_ where user0_.email=?
2022-06-12 10:29:50 [http-nio-8100-exec-10] DEBUG org.hibernate.SQL -
				insert into user (confirm_password, password, email) values (?, ?, ?)
2022-06-12 10:30:07 [http-nio-8100-exec-1] WARN  o.s.w.s.m.s.DefaultHandlerExceptionResolver -
				Resolved [org.springframework.http.converter.HttpMessageNotReadableException: Required request body is missing: public org.springframework.http.ResponseEntity<?> com.pollutionapp.user.controller.UserAuthController.login(com.pollutionapp.user.model.User) throws javax.servlet.ServletException]
2022-06-12 10:31:35 [http-nio-8100-exec-3] WARN  o.s.w.s.m.s.DefaultHandlerExceptionResolver -
				Resolved [org.springframework.http.converter.HttpMessageNotReadableException: Required request body is missing: public org.springframework.http.ResponseEntity<?> com.pollutionapp.user.controller.UserAuthController.login(com.pollutionapp.user.model.User) throws javax.servlet.ServletException]
