2022-06-12 14:07:41 [main] DEBUG org.hibernate.SQL -
				drop table if exists user
2022-06-12 14:07:42 [main] DEBUG org.hibernate.SQL -
				create table user (email varchar(255) not null, confirm_password varchar(255), name varchar(255), password varchar(255), primary key (email)) engine=InnoDB
2022-06-12 14:07:43 [main] WARN  o.s.b.a.o.j.JpaBaseConfiguration$JpaWebConfiguration -
				spring.jpa.open-in-view is enabled by default. Therefore, database queries may be performed during view rendering. Explicitly configure spring.jpa.open-in-view to disable this warning
2022-06-12 14:16:37 [http-nio-8100-exec-1] DEBUG org.hibernate.SQL -
				select user0_.email as email1_0_, user0_.confirm_password as confirm_2_0_, user0_.name as name3_0_, user0_.password as password4_0_ from user user0_ where user0_.email=? and user0_.password=?
2022-06-12 14:17:11 [http-nio-8100-exec-2] DEBUG org.hibernate.SQL -
				select user0_.email as email1_0_, user0_.confirm_password as confirm_2_0_, user0_.name as name3_0_, user0_.password as password4_0_ from user user0_ where user0_.email=? and user0_.password=?
2022-06-12 14:17:11 [http-nio-8100-exec-2] DEBUG org.hibernate.SQL -
				select user0_.email as email1_0_0_, user0_.confirm_password as confirm_2_0_0_, user0_.name as name3_0_0_, user0_.password as password4_0_0_ from user user0_ where user0_.email=?
2022-06-12 14:17:11 [http-nio-8100-exec-2] DEBUG org.hibernate.SQL -
				select user0_.email as email1_0_0_, user0_.confirm_password as confirm_2_0_0_, user0_.name as name3_0_0_, user0_.password as password4_0_0_ from user user0_ where user0_.email=?
2022-06-12 14:17:11 [http-nio-8100-exec-2] DEBUG org.hibernate.SQL -
				insert into user (confirm_password, name, password, email) values (?, ?, ?, ?)
2022-06-12 14:18:32 [http-nio-8100-exec-7] DEBUG org.hibernate.SQL -
				select user0_.email as email1_0_, user0_.confirm_password as confirm_2_0_, user0_.name as name3_0_, user0_.password as password4_0_ from user user0_ where user0_.email=? and user0_.password=?
2022-06-12 14:18:32 [http-nio-8100-exec-7] DEBUG org.hibernate.SQL -
				select user0_.email as email1_0_0_, user0_.confirm_password as confirm_2_0_0_, user0_.name as name3_0_0_, user0_.password as password4_0_0_ from user user0_ where user0_.email=?
2022-06-12 14:18:32 [http-nio-8100-exec-7] DEBUG org.hibernate.SQL -
				select user0_.email as email1_0_0_, user0_.confirm_password as confirm_2_0_0_, user0_.name as name3_0_0_, user0_.password as password4_0_0_ from user user0_ where user0_.email=?
2022-06-12 14:18:32 [http-nio-8100-exec-7] DEBUG org.hibernate.SQL -
				insert into user (confirm_password, name, password, email) values (?, ?, ?, ?)
2022-06-12 14:19:06 [http-nio-8100-exec-8] DEBUG org.hibernate.SQL -
				select user0_.email as email1_0_, user0_.confirm_password as confirm_2_0_, user0_.name as name3_0_, user0_.password as password4_0_ from user user0_ where user0_.email=? and user0_.password=?
2022-06-12 14:20:20 [http-nio-8100-exec-10] DEBUG org.hibernate.SQL -
				select user0_.email as email1_0_, user0_.confirm_password as confirm_2_0_, user0_.name as name3_0_, user0_.password as password4_0_ from user user0_ where user0_.email=? and user0_.password=?
2022-06-12 14:20:20 [http-nio-8100-exec-10] DEBUG org.hibernate.SQL -
				select user0_.email as email1_0_0_, user0_.confirm_password as confirm_2_0_0_, user0_.name as name3_0_0_, user0_.password as password4_0_0_ from user user0_ where user0_.email=?
2022-06-12 14:20:20 [http-nio-8100-exec-10] DEBUG org.hibernate.SQL -
				select user0_.email as email1_0_0_, user0_.confirm_password as confirm_2_0_0_, user0_.name as name3_0_0_, user0_.password as password4_0_0_ from user user0_ where user0_.email=?
2022-06-12 14:20:20 [http-nio-8100-exec-10] DEBUG org.hibernate.SQL -
				insert into user (confirm_password, name, password, email) values (?, ?, ?, ?)
