2022-06-10 18:08:03 [main] DEBUG org.hibernate.SQL -
				drop table if exists user
2022-06-10 18:08:04 [main] DEBUG org.hibernate.SQL -
				create table user (email varchar(255) not null, confirm_password varchar(255), password varchar(255), primary key (email)) engine=InnoDB
2022-06-10 18:08:05 [main] DEBUG org.hibernate.SQL -
				select user0_.email as email1_0_0_, user0_.confirm_password as confirm_2_0_0_, user0_.password as password3_0_0_ from user user0_ where user0_.email=?
2022-06-10 18:08:05 [main] DEBUG org.hibernate.SQL -
				insert into user (confirm_password, password, email) values (?, ?, ?)
2022-06-10 18:08:05 [main] DEBUG org.hibernate.SQL -
				select user0_.email as email1_0_, user0_.confirm_password as confirm_2_0_, user0_.password as password3_0_ from user user0_
2022-06-10 18:08:05 [main] DEBUG org.hibernate.SQL -
				select user0_.email as email1_0_0_, user0_.confirm_password as confirm_2_0_0_, user0_.password as password3_0_0_ from user user0_ where user0_.email=?
2022-06-10 18:08:05 [main] DEBUG org.hibernate.SQL -
				insert into user (confirm_password, password, email) values (?, ?, ?)
2022-06-10 18:08:05 [main] DEBUG org.hibernate.SQL -
				select user0_.email as email1_0_, user0_.confirm_password as confirm_2_0_, user0_.password as password3_0_ from user user0_
2022-06-10 18:08:07 [main] DEBUG org.hibernate.SQL -
				drop table if exists user
2022-06-10 18:08:07 [main] DEBUG org.hibernate.SQL -
				create table user (email varchar(255) not null, confirm_password varchar(255), password varchar(255), primary key (email)) engine=InnoDB
2022-06-10 18:08:08 [main] WARN  o.s.b.a.o.j.JpaBaseConfiguration$JpaWebConfiguration -
				spring.jpa.open-in-view is enabled by default. Therefore, database queries may be performed during view rendering. Explicitly configure spring.jpa.open-in-view to disable this warning
2022-06-10 18:08:10 [main] WARN  o.s.b.a.j.JacksonAutoConfiguration$JodaDateTimeJacksonConfiguration -
				Auto-configuration of Jackson's Joda-Time integration is deprecated in favor of using java.time (JSR-310).
2022-06-10 18:08:17 [main] DEBUG org.hibernate.SQL -
				drop table if exists user
2022-06-10 18:08:17 [main] DEBUG org.hibernate.SQL -
				create table user (email varchar(255) not null, confirm_password varchar(255), password varchar(255), primary key (email)) engine=InnoDB
2022-06-10 18:08:17 [main] WARN  o.s.b.a.o.j.JpaBaseConfiguration$JpaWebConfiguration -
				spring.jpa.open-in-view is enabled by default. Therefore, database queries may be performed during view rendering. Explicitly configure spring.jpa.open-in-view to disable this warning
2022-06-10 18:08:18 [main] WARN  o.s.b.a.j.JacksonAutoConfiguration$JodaDateTimeJacksonConfiguration -
				Auto-configuration of Jackson's Joda-Time integration is deprecated in favor of using java.time (JSR-310).
